C51 COMPILER V9.52.0.0   BLUEUART                                                          09/18/2014 16:25:02 PAGE 1   


C51 COMPILER V9.52.0.0, COMPILATION OF MODULE BLUEUART
OBJECT MODULE PLACED IN BlueUART.OBJ
COMPILER INVOKED BY: E:\KeilC\Keil2\C51\BIN\C51.EXE BlueUART.c BROWSE DEBUG OBJECTEXTEND TABS(2)

line level    source

   1          #include "BlueUART.h"
   2          
   3          void delay(uint i){
   4   1        while(i--);
   5   1      }
   6          void WByte(uchar input){
   7   1          uchar i = 8;
   8   1          uchar j = 0;
   9   1          TX = 0;                    
  10   1          delay(8);
  11   1          j++;
  12   1          j++;
  13   1          j++;
  14   1          j++;
  15   1          j++;
  16   1          j++;
  17   1          while(i--){
  18   2              TX = input & 0x01;  
  19   2              delay(8); 
  20   2              j++;
  21   2              j++;
  22   2              j++;
  23   2              j++;
  24   2              input = input >> 1;
  25   2          }
  26   1          TX = 1;
  27   1          delay(50);                    
  28   1      }
  29          extern void BlueTooth_Send(char* msg, uint len){
  30   1        uint i;
  31   1        for(i=0;i<len;i++){
  32   2          WByte(msg[i]);
  33   2        }
  34   1      }


MODULE INFORMATION:   STATIC OVERLAYABLE
   CODE SIZE        =    123    ----
   CONSTANT SIZE    =   ----    ----
   XDATA SIZE       =   ----    ----
   PDATA SIZE       =   ----    ----
   DATA SIZE        =   ----       7
   IDATA SIZE       =   ----    ----
   BIT SIZE         =   ----    ----
END OF MODULE INFORMATION.


C51 COMPILATION COMPLETE.  0 WARNING(S),  0 ERROR(S)
