C51 COMPILER V9.52.0.0   KXTJ9                                                             09/17/2014 22:17:39 PAGE 1   


C51 COMPILER V9.52.0.0, COMPILATION OF MODULE KXTJ9
OBJECT MODULE PLACED IN KXTJ9.OBJ
COMPILER INVOKED BY: E:\KeilC\Keil2\C51\BIN\C51.EXE KXTJ9.c BROWSE DEBUG OBJECTEXTEND TABS(2)

line level    source

   1          
   2          
   3          #include "KXTJ9.h"
   4          
   5          #include "I2C.h"
   6          #include "LCD.h"
   7          #include "Delay.h"
   8          
   9          //uint KXTJ9_SLAVE_ADDR = 0x0F;
  10          
  11          
  12          void KXTJ9_prep(){
  13   1        I2C_rst();
  14   1        I2C_initial();
  15   1        KXTJ9_ADDR = 1;
  16   1      
  17   1      }
  18          
  19           
  20          void KXTJ9_Init(){
  21   1        
  22   1        uchar cmd[5];
  23   1        
  24   1        KXTJ9_prep();
  25   1        
  26   1        cmd[0] = 0x80;
  27   1        I2C_w(KXTJ9_SLAVE_ADDR, KXTJ9_CTRL_REG2, cmd, 1);
  28   1      
  29   1        do{ 
  30   2          I2C_r(KXTJ9_SLAVE_ADDR, KXTJ9_CTRL_REG2, cmd, 1);
  31   2        }while(cmd[0]&0x80)  ;
  32   1        
  33   1        
  34   1      
  35   1        //Initialize CTRL_REG1
  36   1        cmd[0] = 0x00;
  37   1        I2C_w(KXTJ9_SLAVE_ADDR, KXTJ9_CTRL_REG1, cmd, 1);
  38   1        
  39   1        //Initialize CTRL_REG2
  40   1        cmd[0] = 0x00;
  41   1        I2C_w(KXTJ9_SLAVE_ADDR, KXTJ9_CTRL_REG2, cmd, 1);
  42   1      
  43   1        //Initialize INT_CTRL1 and INT_CTRL2
  44   1        cmd[0]=0x10; cmd[1] = 0x3f;
  45   1        I2C_w(KXTJ9_SLAVE_ADDR, KXTJ9_INT_CTRL_REG1, cmd, 2);
  46   1        
  47   1        //Initialize DATA_ODR_RATE
  48   1        cmd[0]=0x03;
  49   1        I2C_w(KXTJ9_SLAVE_ADDR, KXTJ9_DATA_CTRL_REG1, cmd, 1);
  50   1        
  51   1      }
  52          
  53          void KXTJ9_Set_Resolution(uint high){
  54   1        
  55   1        uchar cmd;
C51 COMPILER V9.52.0.0   KXTJ9                                                             09/17/2014 22:17:39 PAGE 2   

  56   1        
  57   1        KXTJ9_prep();
  58   1         
  59   1        //Load CTRL_REG1 to cmd
  60   1        I2C_r(KXTJ9_SLAVE_ADDR, KXTJ9_CTRL_REG1, &cmd, 1);
  61   1      
  62   1        if(cmd & 0x80){     //check whether PC1==1
  63   2          cmd &= (~0x80);   //Set PC1 = 0
  64   2          I2C_w(KXTJ9_SLAVE_ADDR, KXTJ9_CTRL_REG1, &cmd, 1);
  65   2        }
  66   1        
  67   1        if(high)
  68   1          cmd |= 0x40;
  69   1        else
  70   1          cmd &= (~0x40);
  71   1      
  72   1        I2C_w(KXTJ9_SLAVE_ADDR, KXTJ9_CTRL_REG1, &cmd, 1);
  73   1      
  74   1      }
  75          
  76          
  77          void KXTJ9_Set_Range(uint range){
  78   1      
  79   1        uchar cmd;
  80   1        
  81   1        //Load CTRL_REG1 to cmd
  82   1        I2C_r(KXTJ9_SLAVE_ADDR, KXTJ9_CTRL_REG1, &cmd, 1);
  83   1      
  84   1        if(cmd & 0x80){     //if PC1==1, Set PC1 = 0
  85   2          cmd &= (~0x80);   
  86   2          I2C_w(KXTJ9_SLAVE_ADDR, KXTJ9_CTRL_REG1, &cmd, 1);
  87   2        }
  88   1      
  89   1        cmd &= 0xE7;  //0x11100111
  90   1        if(range==4)
  91   1          cmd |= 0x08;
  92   1        else if(range == 8)
  93   1          cmd |= 0x10;
  94   1      
  95   1      
  96   1        I2C_w(KXTJ9_SLAVE_ADDR, KXTJ9_CTRL_REG1, &cmd, 1);
  97   1      
  98   1      }   
  99          
 100          
 101          void KXTJ9_Get_Acceleration(int* a_x,int* a_y, int* a_z){
 102   1        
 103   1        uchar cmd;
 104   1      
 105   1        uchar data_out[2];
 106   1      
 107   1        //Load CTRL_REG1 to cmd
 108   1        I2C_r(KXTJ9_SLAVE_ADDR, KXTJ9_CTRL_REG1, &cmd, 1);
 109   1      
 110   1      
 111   1        if((cmd & 0x80) == 0){      //if PC1==0; Set PC1 = 1
 112   2          cmd |= 0x80;    
 113   2          I2C_w(KXTJ9_SLAVE_ADDR, KXTJ9_CTRL_REG1, &cmd, 1);
 114   2        }
 115   1      
 116   1        //read acceleration of x-axis
 117   1        I2C_r(KXTJ9_SLAVE_ADDR, 0x06, data_out, 2);
C51 COMPILER V9.52.0.0   KXTJ9                                                             09/17/2014 22:17:39 PAGE 3   

 118   1        *a_x = (data_out[1] << 4) | (data_out[0] >> 4)  ;
 119   1        
 120   1        //read acceleration of y-axis
 121   1        I2C_r(KXTJ9_SLAVE_ADDR, 0x08, data_out, 2);
 122   1        *a_y = (data_out[1] << 4) | (data_out[0] >> 4)  ;
 123   1      
 124   1        //read acceleration of z-axis
 125   1        I2C_r(KXTJ9_SLAVE_ADDR, 0x0A, data_out, 2);
 126   1        *a_z = (data_out[1] << 4) | (data_out[0] >> 4)  ;
 127   1      
 128   1      
 129   1      } 


MODULE INFORMATION:   STATIC OVERLAYABLE
   CODE SIZE        =    523    ----
   CONSTANT SIZE    =   ----    ----
   XDATA SIZE       =   ----    ----
   PDATA SIZE       =   ----    ----
   DATA SIZE        =   ----      23
   IDATA SIZE       =   ----    ----
   BIT SIZE         =   ----    ----
END OF MODULE INFORMATION.


C51 COMPILATION COMPLETE.  0 WARNING(S),  0 ERROR(S)
